<?xml version="1.0" encoding="UTF-8"?>
<!-- Generated by org.testng.reporters.JUnitReportReporter -->
<testsuite skipped="0" hostname="Siri-PC" name="com.restassured.RentalCarTests.RentalCarTests" tests="4" failures="0" timestamp="2020-09-07T22:43:18 PDT" time="1.970" errors="0">
  <testcase name="getrequest_return_listofcars" time="1.232" classname="com.restassured.RentalCarTests.RentalCarTests"/>
  <system-out/>
  <testcase name="getrequest_return_bluecolorTeslas_And_Notes" time="0.354" classname="com.restassured.RentalCarTests.RentalCarTests"/>
  <system-out/>
  <testcase name="getrequest_return_carsOf_Lowest_Perdayrent_and_PerdaypriceAfterdiscount" time="0.130" classname="com.restassured.RentalCarTests.RentalCarTests"/>
  <system-out/>
  <testcase name="getrequest_Returns_Carswith_highestRevenue_forFullYear" time="0.254" classname="com.restassured.RentalCarTests.RentalCarTests"/>
  <system-out/>
</testsuite> <!-- com.restassured.RentalCarTests.RentalCarTests -->
