<?xml version="1.0" encoding="UTF-8"?>
<!-- Generated by org.testng.reporters.JUnitReportReporter -->
<testsuite skipped="0" hostname="Siri-PC" name="com.restassured.RentalCarTests.StudentDetails" tests="8" failures="0" timestamp="2020-08-20T00:12:41 PDT" time="1.462" errors="0">
  <testcase name="getusername" time="1.309" classname="com.restassured.RentalCarTests.StudentDetails"/>
  <system-out/>
  <testcase name="Values_of_sessionid" time="0.028" classname="com.restassured.RentalCarTests.StudentDetails"/>
  <system-out/>
  <testcase name="Allmarks_of_secondstudent" time="0.028" classname="com.restassured.RentalCarTests.StudentDetails"/>
  <system-out/>
  <testcase name="secondstate_value_of_firststudent" time="0.027" classname="com.restassured.RentalCarTests.StudentDetails"/>
  <system-out/>
  <testcase name="second_contactvalue_of_firststudent" time="0.018" classname="com.restassured.RentalCarTests.StudentDetails"/>
  <system-out/>
  <testcase name="Allcities_of_firststudent" time="0.020" classname="com.restassured.RentalCarTests.StudentDetails"/>
  <system-out/>
  <testcase name="contacts_allstudents" time="0.016" classname="com.restassured.RentalCarTests.StudentDetails"/>
  <system-out/>
  <testcase name="address_of_firststudent" time="0.016" classname="com.restassured.RentalCarTests.StudentDetails"/>
  <system-out/>
</testsuite> <!-- com.restassured.RentalCarTests.StudentDetails -->
